[2021-05-09 13:54:01] local.ERROR: Please provide a valid cache path. {"exception":"[object] (InvalidArgumentException(code: 0): Please provide a valid cache path. at /home/roger_kyfler/www/facul/FortiSec/vendor/laravel/framework/src/Illuminate/View/Compilers/Compiler.php:36)
[stacktrace]
#0 /home/roger_kyfler/www/facul/FortiSec/vendor/laravel/framework/src/Illuminate/View/ViewServiceProvider.php(92): Illuminate\\View\\Compilers\\Compiler->__construct()
#1 /home/roger_kyfler/www/facul/FortiSec/vendor/laravel/framework/src/Illuminate/Container/Container.php(799): Illuminate\\View\\ViewServiceProvider->Illuminate\\View\\{closure}()
#2 /home/roger_kyfler/www/facul/FortiSec/vendor/laravel/framework/src/Illuminate/Container/Container.php(681): Illuminate\\Container\\Container->build()
#3 /home/roger_kyfler/www/facul/FortiSec/vendor/laravel/framework/src/Illuminate/Foundation/Application.php(785): Illuminate\\Container\\Container->resolve()
#4 /home/roger_kyfler/www/facul/FortiSec/vendor/laravel/framework/src/Illuminate/Container/Container.php(629): Illuminate\\Foundation\\Application->resolve()
#5 /home/roger_kyfler/www/facul/FortiSec/vendor/laravel/framework/src/Illuminate/Foundation/Application.php(770): Illuminate\\Container\\Container->make()
#6 /home/roger_kyfler/www/facul/FortiSec/vendor/laravel/framework/src/Illuminate/Container/Container.php(1245): Illuminate\\Foundation\\Application->make()
#7 /home/roger_kyfler/www/facul/FortiSec/vendor/laravel/framework/src/Illuminate/View/ViewServiceProvider.php(153): Illuminate\\Container\\Container->offsetGet()
#8 [internal function]: Illuminate\\View\\ViewServiceProvider->Illuminate\\View\\{closure}()
#9 /home/roger_kyfler/www/facul/FortiSec/vendor/laravel/framework/src/Illuminate/View/Engines/EngineResolver.php(55): call_user_func()
#10 /home/roger_kyfler/www/facul/FortiSec/vendor/facade/ignition/src/IgnitionServiceProvider.php(378): Illuminate\\View\\Engines\\EngineResolver->resolve()
#11 /home/roger_kyfler/www/facul/FortiSec/vendor/facade/ignition/src/IgnitionServiceProvider.php(117): Facade\\Ignition\\IgnitionServiceProvider->hasCustomViewEnginesRegistered()
#12 /home/roger_kyfler/www/facul/FortiSec/vendor/facade/ignition/src/IgnitionServiceProvider.php(79): Facade\\Ignition\\IgnitionServiceProvider->registerViewEngines()
#13 /home/roger_kyfler/www/facul/FortiSec/vendor/laravel/framework/src/Illuminate/Container/BoundMethod.php(36): Facade\\Ignition\\IgnitionServiceProvider->boot()
#14 /home/roger_kyfler/www/facul/FortiSec/vendor/laravel/framework/src/Illuminate/Container/Util.php(37): Illuminate\\Container\\BoundMethod::Illuminate\\Container\\{closure}()
#15 /home/roger_kyfler/www/facul/FortiSec/vendor/laravel/framework/src/Illuminate/Container/BoundMethod.php(93): Illuminate\\Container\\Util::unwrapIfClosure()
#16 /home/roger_kyfler/www/facul/FortiSec/vendor/laravel/framework/src/Illuminate/Container/BoundMethod.php(37): Illuminate\\Container\\BoundMethod::callBoundMethod()
#17 /home/roger_kyfler/www/facul/FortiSec/vendor/laravel/framework/src/Illuminate/Container/Container.php(590): Illuminate\\Container\\BoundMethod::call()
#18 /home/roger_kyfler/www/facul/FortiSec/vendor/laravel/framework/src/Illuminate/Foundation/Application.php(856): Illuminate\\Container\\Container->call()
#19 /home/roger_kyfler/www/facul/FortiSec/vendor/laravel/framework/src/Illuminate/Foundation/Application.php(839): Illuminate\\Foundation\\Application->bootProvider()
#20 [internal function]: Illuminate\\Foundation\\Application->Illuminate\\Foundation\\{closure}()
#21 /home/roger_kyfler/www/facul/FortiSec/vendor/laravel/framework/src/Illuminate/Foundation/Application.php(840): array_walk()
#22 /home/roger_kyfler/www/facul/FortiSec/vendor/laravel/framework/src/Illuminate/Foundation/Bootstrap/BootProviders.php(17): Illuminate\\Foundation\\Application->boot()
#23 /home/roger_kyfler/www/facul/FortiSec/vendor/laravel/framework/src/Illuminate/Foundation/Application.php(219): Illuminate\\Foundation\\Bootstrap\\BootProviders->bootstrap()
#24 /home/roger_kyfler/www/facul/FortiSec/vendor/laravel/framework/src/Illuminate/Foundation/Console/Kernel.php(320): Illuminate\\Foundation\\Application->bootstrapWith()
#25 /home/roger_kyfler/www/facul/FortiSec/vendor/laravel/framework/src/Illuminate/Foundation/Console/Kernel.php(129): Illuminate\\Foundation\\Console\\Kernel->bootstrap()
#26 /home/roger_kyfler/www/facul/FortiSec/artisan(37): Illuminate\\Foundation\\Console\\Kernel->handle()
#27 {main}
"} 
[2021-05-09 13:54:43] local.ERROR: Please provide a valid cache path. {"exception":"[object] (InvalidArgumentException(code: 0): Please provide a valid cache path. at /home/roger_kyfler/www/facul/FortiSec/vendor/laravel/framework/src/Illuminate/View/Compilers/Compiler.php:36)
[stacktrace]
#0 /home/roger_kyfler/www/facul/FortiSec/vendor/laravel/framework/src/Illuminate/View/ViewServiceProvider.php(92): Illuminate\\View\\Compilers\\Compiler->__construct()
#1 /home/roger_kyfler/www/facul/FortiSec/vendor/laravel/framework/src/Illuminate/Container/Container.php(799): Illuminate\\View\\ViewServiceProvider->Illuminate\\View\\{closure}()
#2 /home/roger_kyfler/www/facul/FortiSec/vendor/laravel/framework/src/Illuminate/Container/Container.php(681): Illuminate\\Container\\Container->build()
#3 /home/roger_kyfler/www/facul/FortiSec/vendor/laravel/framework/src/Illuminate/Foundation/Application.php(785): Illuminate\\Container\\Container->resolve()
#4 /home/roger_kyfler/www/facul/FortiSec/vendor/laravel/framework/src/Illuminate/Container/Container.php(629): Illuminate\\Foundation\\Application->resolve()
#5 /home/roger_kyfler/www/facul/FortiSec/vendor/laravel/framework/src/Illuminate/Foundation/Application.php(770): Illuminate\\Container\\Container->make()
#6 /home/roger_kyfler/www/facul/FortiSec/vendor/laravel/framework/src/Illuminate/Container/Container.php(1245): Illuminate\\Foundation\\Application->make()
#7 /home/roger_kyfler/www/facul/FortiSec/vendor/laravel/framework/src/Illuminate/View/ViewServiceProvider.php(153): Illuminate\\Container\\Container->offsetGet()
#8 [internal function]: Illuminate\\View\\ViewServiceProvider->Illuminate\\View\\{closure}()
#9 /home/roger_kyfler/www/facul/FortiSec/vendor/laravel/framework/src/Illuminate/View/Engines/EngineResolver.php(55): call_user_func()
#10 /home/roger_kyfler/www/facul/FortiSec/vendor/facade/ignition/src/IgnitionServiceProvider.php(378): Illuminate\\View\\Engines\\EngineResolver->resolve()
#11 /home/roger_kyfler/www/facul/FortiSec/vendor/facade/ignition/src/IgnitionServiceProvider.php(117): Facade\\Ignition\\IgnitionServiceProvider->hasCustomViewEnginesRegistered()
#12 /home/roger_kyfler/www/facul/FortiSec/vendor/facade/ignition/src/IgnitionServiceProvider.php(79): Facade\\Ignition\\IgnitionServiceProvider->registerViewEngines()
#13 /home/roger_kyfler/www/facul/FortiSec/vendor/laravel/framework/src/Illuminate/Container/BoundMethod.php(36): Facade\\Ignition\\IgnitionServiceProvider->boot()
#14 /home/roger_kyfler/www/facul/FortiSec/vendor/laravel/framework/src/Illuminate/Container/Util.php(37): Illuminate\\Container\\BoundMethod::Illuminate\\Container\\{closure}()
#15 /home/roger_kyfler/www/facul/FortiSec/vendor/laravel/framework/src/Illuminate/Container/BoundMethod.php(93): Illuminate\\Container\\Util::unwrapIfClosure()
#16 /home/roger_kyfler/www/facul/FortiSec/vendor/laravel/framework/src/Illuminate/Container/BoundMethod.php(37): Illuminate\\Container\\BoundMethod::callBoundMethod()
#17 /home/roger_kyfler/www/facul/FortiSec/vendor/laravel/framework/src/Illuminate/Container/Container.php(590): Illuminate\\Container\\BoundMethod::call()
#18 /home/roger_kyfler/www/facul/FortiSec/vendor/laravel/framework/src/Illuminate/Foundation/Application.php(856): Illuminate\\Container\\Container->call()
#19 /home/roger_kyfler/www/facul/FortiSec/vendor/laravel/framework/src/Illuminate/Foundation/Application.php(839): Illuminate\\Foundation\\Application->bootProvider()
#20 [internal function]: Illuminate\\Foundation\\Application->Illuminate\\Foundation\\{closure}()
#21 /home/roger_kyfler/www/facul/FortiSec/vendor/laravel/framework/src/Illuminate/Foundation/Application.php(840): array_walk()
#22 /home/roger_kyfler/www/facul/FortiSec/vendor/laravel/framework/src/Illuminate/Foundation/Bootstrap/BootProviders.php(17): Illuminate\\Foundation\\Application->boot()
#23 /home/roger_kyfler/www/facul/FortiSec/vendor/laravel/framework/src/Illuminate/Foundation/Application.php(219): Illuminate\\Foundation\\Bootstrap\\BootProviders->bootstrap()
#24 /home/roger_kyfler/www/facul/FortiSec/vendor/laravel/framework/src/Illuminate/Foundation/Console/Kernel.php(320): Illuminate\\Foundation\\Application->bootstrapWith()
#25 /home/roger_kyfler/www/facul/FortiSec/vendor/laravel/framework/src/Illuminate/Foundation/Console/Kernel.php(129): Illuminate\\Foundation\\Console\\Kernel->bootstrap()
#26 /home/roger_kyfler/www/facul/FortiSec/artisan(37): Illuminate\\Foundation\\Console\\Kernel->handle()
#27 {main}
"} 
[2021-05-09 13:58:55] local.ERROR: Command "key:genarate" is not defined.

Did you mean one of these?
    event:generate
    key:generate {"exception":"[object] (Symfony\\Component\\Console\\Exception\\CommandNotFoundException(code: 0): Command \"key:genarate\" is not defined.

Did you mean one of these?
    event:generate
    key:generate at /home/roger_kyfler/www/facul/FortiSec/vendor/symfony/console/Application.php:676)
[stacktrace]
#0 /home/roger_kyfler/www/facul/FortiSec/vendor/symfony/console/Application.php(237): Symfony\\Component\\Console\\Application->find()
#1 /home/roger_kyfler/www/facul/FortiSec/vendor/symfony/console/Application.php(149): Symfony\\Component\\Console\\Application->doRun()
#2 /home/roger_kyfler/www/facul/FortiSec/vendor/laravel/framework/src/Illuminate/Console/Application.php(93): Symfony\\Component\\Console\\Application->run()
#3 /home/roger_kyfler/www/facul/FortiSec/vendor/laravel/framework/src/Illuminate/Foundation/Console/Kernel.php(131): Illuminate\\Console\\Application->run()
#4 /home/roger_kyfler/www/facul/FortiSec/artisan(37): Illuminate\\Foundation\\Console\\Kernel->handle()
#5 {main}
"} 
[2021-10-17 21:57:50] local.ERROR: The "--v" option does not exist. {"exception":"[object] (Symfony\\Component\\Console\\Exception\\RuntimeException(code: 0): The \"--v\" option does not exist. at /home/roger/www/projetos/fortisec/vendor/symfony/console/Input/ArgvInput.php:201)
[stacktrace]
#0 /home/roger/www/projetos/fortisec/vendor/symfony/console/Input/ArgvInput.php(145): Symfony\\Component\\Console\\Input\\ArgvInput->addLongOption()
#1 /home/roger/www/projetos/fortisec/vendor/symfony/console/Input/ArgvInput.php(79): Symfony\\Component\\Console\\Input\\ArgvInput->parseLongOption()
#2 /home/roger/www/projetos/fortisec/vendor/symfony/console/Input/Input.php(55): Symfony\\Component\\Console\\Input\\ArgvInput->parse()
#3 /home/roger/www/projetos/fortisec/vendor/symfony/console/Command/Command.php(214): Symfony\\Component\\Console\\Input\\Input->bind()
#4 /home/roger/www/projetos/fortisec/vendor/symfony/console/Application.php(1009): Symfony\\Component\\Console\\Command\\Command->run()
#5 /home/roger/www/projetos/fortisec/vendor/symfony/console/Application.php(273): Symfony\\Component\\Console\\Application->doRunCommand()
#6 /home/roger/www/projetos/fortisec/vendor/symfony/console/Application.php(149): Symfony\\Component\\Console\\Application->doRun()
#7 /home/roger/www/projetos/fortisec/vendor/laravel/framework/src/Illuminate/Console/Application.php(93): Symfony\\Component\\Console\\Application->run()
#8 /home/roger/www/projetos/fortisec/vendor/laravel/framework/src/Illuminate/Foundation/Console/Kernel.php(131): Illuminate\\Console\\Application->run()
#9 /home/roger/www/projetos/fortisec/artisan(37): Illuminate\\Foundation\\Console\\Kernel->handle()
#10 {main}
"} 
